HU-02/android/app/build/intermediates/manifest_merge_blame_file/debug/manifest-merger-blame-debug-report.txt
1<?xml version="1.0" encoding="utf-8"?>
2<manifest xmlns:android="http://schemas.android.com/apk/res/android"
3    package="com.gelex.emic.hu_02_esoft"
4    android:versionCode="33"
5    android:versionName="1.6.1" >
6
7    <uses-sdk
8        android:minSdkVersion="23"
9        android:targetSdkVersion="33" />
10
11    <uses-permission android:name="android.permission.SYSTEM_ALERT_WINDOW" />
11-->src\debug\AndroidManifest.xml:5:5-77
11-->src\debug\AndroidManifest.xml:5:22-75
12    <uses-permission android:name="android.permission.INTERNET" />
12-->src\main\AndroidManifest.xml:5:5-67
12-->src\main\AndroidManifest.xml:5:22-64
13    <uses-permission android:name="android.permission.USE_FINGERPRINT" />
13-->src\main\AndroidManifest.xml:6:5-74
13-->src\main\AndroidManifest.xml:6:22-71
14    <uses-permission android:name="android.permission.READ_EXTERNAL_STORAGE" />
14-->src\main\AndroidManifest.xml:7:5-80
14-->src\main\AndroidManifest.xml:7:22-77
15    <uses-permission android:name="android.permission.WRITE_EXTERNAL_STORAGE" /> <!-- <uses-permission android:name="android.permission.MANAGE_EXTERNAL_STORAGE" /> -->
15-->src\main\AndroidManifest.xml:8:5-81
15-->src\main\AndroidManifest.xml:8:22-78
16    <uses-permission android:name="android.permission.VIBRATE" />
16-->src\main\AndroidManifest.xml:10:5-65
16-->src\main\AndroidManifest.xml:10:22-63
17    <uses-permission android:name="android.permission.BLUETOOTH" />
17-->src\main\AndroidManifest.xml:12:5-68
17-->src\main\AndroidManifest.xml:12:22-65
18    <uses-permission android:name="android.permission.BLUETOOTH_ADMIN" />
18-->src\main\AndroidManifest.xml:13:5-74
18-->src\main\AndroidManifest.xml:13:22-71
19    <uses-permission android:name="android.permission.ACCESS_COARSE_LOCATION" />
19-->src\main\AndroidManifest.xml:14:5-80
19-->src\main\AndroidManifest.xml:14:22-78
20
21    <uses-permission-sdk-23 android:name="android.permission.ACCESS_FINE_LOCATION" />
21-->src\main\AndroidManifest.xml:15:5-85
21-->src\main\AndroidManifest.xml:15:29-83
22
23    <uses-permission android:name="android.permission.BLUETOOTH_CONNECT" /> <!-- Needed only if your app looks for Bluetooth devices. -->
23-->src\main\AndroidManifest.xml:16:5-76
23-->src\main\AndroidManifest.xml:16:22-73
24    <uses-permission android:name="android.permission.BLUETOOTH_SCAN" />
24-->src\main\AndroidManifest.xml:18:5-73
24-->src\main\AndroidManifest.xml:18:22-70
25    <uses-permission android:name="android.permission.CAMERA" />
25-->src\main\AndroidManifest.xml:19:5-64
25-->src\main\AndroidManifest.xml:19:22-62
26    <uses-permission android:name="android.permission.ACCESS_WIFI_STATE" />
26-->[com.facebook.flipper:flipper:0.125.0] AndroidManifest.xml:16:5-76
26-->[com.facebook.flipper:flipper:0.125.0] AndroidManifest.xml:16:22-73
27    <uses-permission android:name="android.permission.ACCESS_NETWORK_STATE" />
27-->[:react-native-community_netinfo] AndroidManifest.xml:9:5-79
27-->[:react-native-community_netinfo] AndroidManifest.xml:9:22-76
28
29    <uses-feature
29-->[:react-native-ble-manager] AndroidManifest.xml:13:5-15:36
30        android:name="android.hardware.bluetooth_le"
30-->[:react-native-ble-manager] AndroidManifest.xml:14:9-53
31        android:required="false" />
31-->[:react-native-ble-manager] AndroidManifest.xml:15:9-33
32
33    <uses-permission android:name="android.permission.USE_BIOMETRIC" />
33-->[:react-native-keychain] AndroidManifest.xml:9:5-72
33-->[:react-native-keychain] AndroidManifest.xml:9:22-69
34    <uses-permission android:name="android.permission.WAKE_LOCK" />
34-->[androidx.work:work-runtime:2.7.1] AndroidManifest.xml:25:5-68
34-->[androidx.work:work-runtime:2.7.1] AndroidManifest.xml:25:22-65
35    <uses-permission android:name="android.permission.RECEIVE_BOOT_COMPLETED" />
35-->[androidx.work:work-runtime:2.7.1] AndroidManifest.xml:27:5-81
35-->[androidx.work:work-runtime:2.7.1] AndroidManifest.xml:27:22-78
36    <uses-permission android:name="android.permission.FOREGROUND_SERVICE" />
36-->[androidx.work:work-runtime:2.7.1] AndroidManifest.xml:28:5-77
36-->[androidx.work:work-runtime:2.7.1] AndroidManifest.xml:28:22-74
37
38    <uses-feature
38-->[com.google.android.gms:play-services-maps:18.0.2] AndroidManifest.xml:26:5-28:35
39        android:glEsVersion="0x00020000"
39-->[com.google.android.gms:play-services-maps:18.0.2] AndroidManifest.xml:27:9-41
40        android:required="true" />
40-->[com.google.android.gms:play-services-maps:18.0.2] AndroidManifest.xml:28:9-32
41
42    <queries>
42-->[com.google.android.gms:play-services-maps:18.0.2] AndroidManifest.xml:30:5-34:15
43
44        <!-- Needs to be explicitly declared on Android R+ -->
45        <package android:name="com.google.android.apps.maps" />
45-->[com.google.android.gms:play-services-maps:18.0.2] AndroidManifest.xml:33:9-64
45-->[com.google.android.gms:play-services-maps:18.0.2] AndroidManifest.xml:33:18-61
46    </queries>
47
48    <application
48-->src\main\AndroidManifest.xml:21:5-55:19
49        android:name="com.gelex.emic.hu_02_esoft.MainApplication"
49-->src\main\AndroidManifest.xml:22:7-38
50        android:allowBackup="false"
50-->src\main\AndroidManifest.xml:26:7-34
51        android:appComponentFactory="androidx.core.app.CoreComponentFactory"
51-->[androidx.core:core:1.7.0] AndroidManifest.xml:24:18-86
52        android:debuggable="true"
53        android:extractNativeLibs="false"
54        android:icon="@mipmap/ic_launcher"
54-->src\main\AndroidManifest.xml:24:7-41
55        android:label="@string/app_name"
55-->src\main\AndroidManifest.xml:23:7-39
56        android:requestLegacyExternalStorage="true"
56-->src\main\AndroidManifest.xml:27:7-50
57        android:roundIcon="@mipmap/ic_launcher_round"
57-->src\main\AndroidManifest.xml:25:7-52
58        android:theme="@style/AppTheme"
58-->src\main\AndroidManifest.xml:29:7-38
59        android:usesCleartextTraffic="true" >
59-->src\main\AndroidManifest.xml:28:7-42
60        <activity
60-->src\debug\AndroidManifest.xml:11:9-111
61            android:name="com.facebook.react.devsupport.DevSettingsActivity"
61-->src\debug\AndroidManifest.xml:11:19-83
62            android:exported="false" />
62-->src\debug\AndroidManifest.xml:11:84-108
63        <activity
63-->src\main\AndroidManifest.xml:30:7-51:18
64            android:name="com.gelex.emic.hu_02_esoft.MainActivity"
64-->src\main\AndroidManifest.xml:31:9-37
65            android:configChanges="keyboard|keyboardHidden|orientation|screenLayout|screenSize|smallestScreenSize|uiMode"
65-->src\main\AndroidManifest.xml:33:9-118
66            android:exported="true"
66-->src\main\AndroidManifest.xml:36:9-32
67            android:label="@string/app_name"
67-->src\main\AndroidManifest.xml:32:9-41
68            android:launchMode="singleTask"
68-->src\main\AndroidManifest.xml:34:9-40
69            android:windowSoftInputMode="adjustResize" >
69-->src\main\AndroidManifest.xml:35:9-51
70            <intent-filter>
70-->src\main\AndroidManifest.xml:37:9-40:25
71                <action android:name="android.intent.action.MAIN" />
71-->src\main\AndroidManifest.xml:38:13-65
71-->src\main\AndroidManifest.xml:38:21-62
72
73                <category android:name="android.intent.category.LAUNCHER" />
73-->src\main\AndroidManifest.xml:39:13-73
73-->src\main\AndroidManifest.xml:39:23-70
74            </intent-filter>
75            <intent-filter>
75-->src\main\AndroidManifest.xml:41:9-45:25
76                <action android:name="android.intent.action.SEND" />
76-->src\main\AndroidManifest.xml:42:15-67
76-->src\main\AndroidManifest.xml:42:23-64
77
78                <category android:name="android.intent.category.DEFAULT" />
78-->src\main\AndroidManifest.xml:43:15-74
78-->src\main\AndroidManifest.xml:43:25-71
79
80                <data android:mimeType="*/*" />
80-->src\main\AndroidManifest.xml:44:15-46
80-->src\main\AndroidManifest.xml:44:21-43
81            </intent-filter>
82            <intent-filter>
82-->src\main\AndroidManifest.xml:46:9-50:25
83                <action android:name="android.intent.action.SEND_MULTIPLE" />
83-->src\main\AndroidManifest.xml:47:15-76
83-->src\main\AndroidManifest.xml:47:23-73
84
85                <category android:name="android.intent.category.DEFAULT" />
85-->src\main\AndroidManifest.xml:43:15-74
85-->src\main\AndroidManifest.xml:43:25-71
86
87                <data android:mimeType="*/*" />
87-->src\main\AndroidManifest.xml:44:15-46
87-->src\main\AndroidManifest.xml:44:21-43
88            </intent-filter>
89        </activity>
90
91        <meta-data
91-->src\main\AndroidManifest.xml:52:7-54:64
92            android:name="com.google.android.geo.API_KEY"
92-->src\main\AndroidManifest.xml:53:7-52
93            android:value="AIzaSyDNI_ZWPqvdS6r6gPVO50I4TlYkfkZdXh8" />
93-->src\main\AndroidManifest.xml:54:7-62
94
95        <provider
95-->[:react-native-image-picker] AndroidManifest.xml:10:9-18:20
96            android:name="com.imagepicker.ImagePickerProvider"
96-->[:react-native-image-picker] AndroidManifest.xml:11:13-63
97            android:authorities="com.gelex.emic.hu_02_esoft.imagepickerprovider"
97-->[:react-native-image-picker] AndroidManifest.xml:12:13-71
98            android:exported="false"
98-->[:react-native-image-picker] AndroidManifest.xml:13:13-37
99            android:grantUriPermissions="true" >
99-->[:react-native-image-picker] AndroidManifest.xml:14:13-47
100            <meta-data
100-->[:react-native-image-picker] AndroidManifest.xml:15:13-17:70
101                android:name="android.support.FILE_PROVIDER_PATHS"
101-->[:react-native-image-picker] AndroidManifest.xml:16:17-67
102                android:resource="@xml/imagepicker_provider_paths" />
102-->[:react-native-image-picker] AndroidManifest.xml:17:17-67
103        </provider>
104        <provider
104-->[:react-native-share] AndroidManifest.xml:10:9-18:20
105            android:name="cl.json.RNShareFileProvider"
105-->[:react-native-share] AndroidManifest.xml:11:13-55
106            android:authorities="com.gelex.emic.hu_02_esoft.rnshare.fileprovider"
106-->[:react-native-share] AndroidManifest.xml:12:13-72
107            android:exported="false"
107-->[:react-native-share] AndroidManifest.xml:13:13-37
108            android:grantUriPermissions="true" >
108-->[:react-native-share] AndroidManifest.xml:14:13-47
109            <meta-data
109-->[:react-native-image-picker] AndroidManifest.xml:15:13-17:70
110                android:name="android.support.FILE_PROVIDER_PATHS"
110-->[:react-native-image-picker] AndroidManifest.xml:16:17-67
111                android:resource="@xml/share_download_paths" />
111-->[:react-native-image-picker] AndroidManifest.xml:17:17-67
112        </provider>
113        <provider
113-->[:react-native-webview] AndroidManifest.xml:10:9-18:20
114            android:name="com.reactnativecommunity.webview.RNCWebViewFileProvider"
114-->[:react-native-webview] AndroidManifest.xml:11:13-83
115            android:authorities="com.gelex.emic.hu_02_esoft.fileprovider"
115-->[:react-native-webview] AndroidManifest.xml:12:13-64
116            android:exported="false"
116-->[:react-native-webview] AndroidManifest.xml:13:13-37
117            android:grantUriPermissions="true" >
117-->[:react-native-webview] AndroidManifest.xml:14:13-47
118            <meta-data
118-->[:react-native-image-picker] AndroidManifest.xml:15:13-17:70
119                android:name="android.support.FILE_PROVIDER_PATHS"
119-->[:react-native-image-picker] AndroidManifest.xml:16:17-67
120                android:resource="@xml/file_provider_paths" />
120-->[:react-native-image-picker] AndroidManifest.xml:17:17-67
121        </provider>
122        <provider
122-->[androidx.work:work-runtime:2.7.1] AndroidManifest.xml:31:9-39:20
123            android:name="androidx.startup.InitializationProvider"
123-->[androidx.work:work-runtime:2.7.1] AndroidManifest.xml:32:13-67
124            android:authorities="com.gelex.emic.hu_02_esoft.androidx-startup"
124-->[androidx.work:work-runtime:2.7.1] AndroidManifest.xml:33:13-68
125            android:exported="false" >
125-->[androidx.work:work-runtime:2.7.1] AndroidManifest.xml:34:13-37
126            <meta-data
126-->[androidx.work:work-runtime:2.7.1] AndroidManifest.xml:36:13-38:52
127                android:name="androidx.work.WorkManagerInitializer"
127-->[androidx.work:work-runtime:2.7.1] AndroidManifest.xml:37:17-68
128                android:value="androidx.startup" />
128-->[androidx.work:work-runtime:2.7.1] AndroidManifest.xml:38:17-49
129            <meta-data
129-->[androidx.emoji2:emoji2:1.0.0] AndroidManifest.xml:31:13-33:52
130                android:name="androidx.emoji2.text.EmojiCompatInitializer"
130-->[androidx.emoji2:emoji2:1.0.0] AndroidManifest.xml:32:17-75
131                android:value="androidx.startup" />
131-->[androidx.emoji2:emoji2:1.0.0] AndroidManifest.xml:33:17-49
132            <meta-data
132-->[androidx.lifecycle:lifecycle-process:2.4.0] AndroidManifest.xml:31:13-33:52
133                android:name="androidx.lifecycle.ProcessLifecycleInitializer"
133-->[androidx.lifecycle:lifecycle-process:2.4.0] AndroidManifest.xml:32:17-78
134                android:value="androidx.startup" />
134-->[androidx.lifecycle:lifecycle-process:2.4.0] AndroidManifest.xml:33:17-49
135        </provider>
136
137        <service
137-->[androidx.work:work-runtime:2.7.1] AndroidManifest.xml:41:9-46:35
138            android:name="androidx.work.impl.background.systemalarm.SystemAlarmService"
138-->[androidx.work:work-runtime:2.7.1] AndroidManifest.xml:42:13-88
139            android:directBootAware="false"
139-->[androidx.work:work-runtime:2.7.1] AndroidManifest.xml:43:13-44
140            android:enabled="@bool/enable_system_alarm_service_default"
140-->[androidx.work:work-runtime:2.7.1] AndroidManifest.xml:44:13-72
141            android:exported="false" />
141-->[androidx.work:work-runtime:2.7.1] AndroidManifest.xml:45:13-37
142        <service
142-->[androidx.work:work-runtime:2.7.1] AndroidManifest.xml:47:9-53:35
143            android:name="androidx.work.impl.background.systemjob.SystemJobService"
143-->[androidx.work:work-runtime:2.7.1] AndroidManifest.xml:48:13-84
144            android:directBootAware="false"
144-->[androidx.work:work-runtime:2.7.1] AndroidManifest.xml:49:13-44
145            android:enabled="@bool/enable_system_job_service_default"
145-->[androidx.work:work-runtime:2.7.1] AndroidManifest.xml:50:13-70
146            android:exported="true"
146-->[androidx.work:work-runtime:2.7.1] AndroidManifest.xml:51:13-36
147            android:permission="android.permission.BIND_JOB_SERVICE" />
147-->[androidx.work:work-runtime:2.7.1] AndroidManifest.xml:52:13-69
148        <service
148-->[androidx.work:work-runtime:2.7.1] AndroidManifest.xml:54:9-59:35
149            android:name="androidx.work.impl.foreground.SystemForegroundService"
149-->[androidx.work:work-runtime:2.7.1] AndroidManifest.xml:55:13-81
150            android:directBootAware="false"
150-->[androidx.work:work-runtime:2.7.1] AndroidManifest.xml:56:13-44
151            android:enabled="@bool/enable_system_foreground_service_default"
151-->[androidx.work:work-runtime:2.7.1] AndroidManifest.xml:57:13-77
152            android:exported="false" />
152-->[androidx.work:work-runtime:2.7.1] AndroidManifest.xml:58:13-37
153
154        <receiver
154-->[androidx.work:work-runtime:2.7.1] AndroidManifest.xml:61:9-66:35
155            android:name="androidx.work.impl.utils.ForceStopRunnable$BroadcastReceiver"
155-->[androidx.work:work-runtime:2.7.1] AndroidManifest.xml:62:13-88
156            android:directBootAware="false"
156-->[androidx.work:work-runtime:2.7.1] AndroidManifest.xml:63:13-44
157            android:enabled="true"
157-->[androidx.work:work-runtime:2.7.1] AndroidManifest.xml:64:13-35
158            android:exported="false" />
158-->[androidx.work:work-runtime:2.7.1] AndroidManifest.xml:65:13-37
159        <receiver
159-->[androidx.work:work-runtime:2.7.1] AndroidManifest.xml:67:9-77:20
160            android:name="androidx.work.impl.background.systemalarm.ConstraintProxy$BatteryChargingProxy"
160-->[androidx.work:work-runtime:2.7.1] AndroidManifest.xml:68:13-106
161            android:directBootAware="false"
161-->[androidx.work:work-runtime:2.7.1] AndroidManifest.xml:69:13-44
162            android:enabled="false"
162-->[androidx.work:work-runtime:2.7.1] AndroidManifest.xml:70:13-36
163            android:exported="false" >
163-->[androidx.work:work-runtime:2.7.1] AndroidManifest.xml:71:13-37
164            <intent-filter>
164-->[androidx.work:work-runtime:2.7.1] AndroidManifest.xml:73:13-76:29
165                <action android:name="android.intent.action.ACTION_POWER_CONNECTED" />
165-->[androidx.work:work-runtime:2.7.1] AndroidManifest.xml:74:17-87
165-->[androidx.work:work-runtime:2.7.1] AndroidManifest.xml:74:25-84
166                <action android:name="android.intent.action.ACTION_POWER_DISCONNECTED" />
166-->[androidx.work:work-runtime:2.7.1] AndroidManifest.xml:75:17-90
166-->[androidx.work:work-runtime:2.7.1] AndroidManifest.xml:75:25-87
167            </intent-filter>
168        </receiver>
169        <receiver
169-->[androidx.work:work-runtime:2.7.1] AndroidManifest.xml:78:9-88:20
170            android:name="androidx.work.impl.background.systemalarm.ConstraintProxy$BatteryNotLowProxy"
170-->[androidx.work:work-runtime:2.7.1] AndroidManifest.xml:79:13-104
171            android:directBootAware="false"
171-->[androidx.work:work-runtime:2.7.1] AndroidManifest.xml:80:13-44
172            android:enabled="false"
172-->[androidx.work:work-runtime:2.7.1] AndroidManifest.xml:81:13-36
173            android:exported="false" >
173-->[androidx.work:work-runtime:2.7.1] AndroidManifest.xml:82:13-37
174            <intent-filter>
174-->[androidx.work:work-runtime:2.7.1] AndroidManifest.xml:84:13-87:29
175                <action android:name="android.intent.action.BATTERY_OKAY" />
175-->[androidx.work:work-runtime:2.7.1] AndroidManifest.xml:85:17-77
175-->[androidx.work:work-runtime:2.7.1] AndroidManifest.xml:85:25-74
176                <action android:name="android.intent.action.BATTERY_LOW" />
176-->[androidx.work:work-runtime:2.7.1] AndroidManifest.xml:86:17-76
176-->[androidx.work:work-runtime:2.7.1] AndroidManifest.xml:86:25-73
177            </intent-filter>
178        </receiver>
179        <receiver
179-->[androidx.work:work-runtime:2.7.1] AndroidManifest.xml:89:9-99:20
180            android:name="androidx.work.impl.background.systemalarm.ConstraintProxy$StorageNotLowProxy"
180-->[androidx.work:work-runtime:2.7.1] AndroidManifest.xml:90:13-104
181            android:directBootAware="false"
181-->[androidx.work:work-runtime:2.7.1] AndroidManifest.xml:91:13-44
182            android:enabled="false"
182-->[androidx.work:work-runtime:2.7.1] AndroidManifest.xml:92:13-36
183            android:exported="false" >
183-->[androidx.work:work-runtime:2.7.1] AndroidManifest.xml:93:13-37
184            <intent-filter>
184-->[androidx.work:work-runtime:2.7.1] AndroidManifest.xml:95:13-98:29
185                <action android:name="android.intent.action.DEVICE_STORAGE_LOW" />
185-->[androidx.work:work-runtime:2.7.1] AndroidManifest.xml:96:17-83
185-->[androidx.work:work-runtime:2.7.1] AndroidManifest.xml:96:25-80
186                <action android:name="android.intent.action.DEVICE_STORAGE_OK" />
186-->[androidx.work:work-runtime:2.7.1] AndroidManifest.xml:97:17-82
186-->[androidx.work:work-runtime:2.7.1] AndroidManifest.xml:97:25-79
187            </intent-filter>
188        </receiver>
189        <receiver
189-->[androidx.work:work-runtime:2.7.1] AndroidManifest.xml:100:9-109:20
190            android:name="androidx.work.impl.background.systemalarm.ConstraintProxy$NetworkStateProxy"
190-->[androidx.work:work-runtime:2.7.1] AndroidManifest.xml:101:13-103
191            android:directBootAware="false"
191-->[androidx.work:work-runtime:2.7.1] AndroidManifest.xml:102:13-44
192            android:enabled="false"
192-->[androidx.work:work-runtime:2.7.1] AndroidManifest.xml:103:13-36
193            android:exported="false" >
193-->[androidx.work:work-runtime:2.7.1] AndroidManifest.xml:104:13-37
194            <intent-filter>
194-->[androidx.work:work-runtime:2.7.1] AndroidManifest.xml:106:13-108:29
195                <action android:name="android.net.conn.CONNECTIVITY_CHANGE" />
195-->[androidx.work:work-runtime:2.7.1] AndroidManifest.xml:107:17-79
195-->[androidx.work:work-runtime:2.7.1] AndroidManifest.xml:107:25-76
196            </intent-filter>
197        </receiver>
198        <receiver
198-->[androidx.work:work-runtime:2.7.1] AndroidManifest.xml:110:9-121:20
199            android:name="androidx.work.impl.background.systemalarm.RescheduleReceiver"
199-->[androidx.work:work-runtime:2.7.1] AndroidManifest.xml:111:13-88
200            android:directBootAware="false"
200-->[androidx.work:work-runtime:2.7.1] AndroidManifest.xml:112:13-44
201            android:enabled="false"
201-->[androidx.work:work-runtime:2.7.1] AndroidManifest.xml:113:13-36
202            android:exported="false" >
202-->[androidx.work:work-runtime:2.7.1] AndroidManifest.xml:114:13-37
203            <intent-filter>
203-->[androidx.work:work-runtime:2.7.1] AndroidManifest.xml:116:13-120:29
204                <action android:name="android.intent.action.BOOT_COMPLETED" />
204-->[androidx.work:work-runtime:2.7.1] AndroidManifest.xml:117:17-79
204-->[androidx.work:work-runtime:2.7.1] AndroidManifest.xml:117:25-76
205                <action android:name="android.intent.action.TIME_SET" />
205-->[androidx.work:work-runtime:2.7.1] AndroidManifest.xml:118:17-73
205-->[androidx.work:work-runtime:2.7.1] AndroidManifest.xml:118:25-70
206                <action android:name="android.intent.action.TIMEZONE_CHANGED" />
206-->[androidx.work:work-runtime:2.7.1] AndroidManifest.xml:119:17-81
206-->[androidx.work:work-runtime:2.7.1] AndroidManifest.xml:119:25-78
207            </intent-filter>
208        </receiver>
209        <receiver
209-->[androidx.work:work-runtime:2.7.1] AndroidManifest.xml:122:9-131:20
210            android:name="androidx.work.impl.background.systemalarm.ConstraintProxyUpdateReceiver"
210-->[androidx.work:work-runtime:2.7.1] AndroidManifest.xml:123:13-99
211            android:directBootAware="false"
211-->[androidx.work:work-runtime:2.7.1] AndroidManifest.xml:124:13-44
212            android:enabled="@bool/enable_system_alarm_service_default"
212-->[androidx.work:work-runtime:2.7.1] AndroidManifest.xml:125:13-72
213            android:exported="false" >
213-->[androidx.work:work-runtime:2.7.1] AndroidManifest.xml:126:13-37
214            <intent-filter>
214-->[androidx.work:work-runtime:2.7.1] AndroidManifest.xml:128:13-130:29
215                <action android:name="androidx.work.impl.background.systemalarm.UpdateProxies" />
215-->[androidx.work:work-runtime:2.7.1] AndroidManifest.xml:129:17-98
215-->[androidx.work:work-runtime:2.7.1] AndroidManifest.xml:129:25-95
216            </intent-filter>
217        </receiver>
218        <receiver
218-->[androidx.work:work-runtime:2.7.1] AndroidManifest.xml:132:9-142:20
219            android:name="androidx.work.impl.diagnostics.DiagnosticsReceiver"
219-->[androidx.work:work-runtime:2.7.1] AndroidManifest.xml:133:13-78
220            android:directBootAware="false"
220-->[androidx.work:work-runtime:2.7.1] AndroidManifest.xml:134:13-44
221            android:enabled="true"
221-->[androidx.work:work-runtime:2.7.1] AndroidManifest.xml:135:13-35
222            android:exported="true"
222-->[androidx.work:work-runtime:2.7.1] AndroidManifest.xml:136:13-36
223            android:permission="android.permission.DUMP" >
223-->[androidx.work:work-runtime:2.7.1] AndroidManifest.xml:137:13-57
224            <intent-filter>
224-->[androidx.work:work-runtime:2.7.1] AndroidManifest.xml:139:13-141:29
225                <action android:name="androidx.work.diagnostics.REQUEST_DIAGNOSTICS" />
225-->[androidx.work:work-runtime:2.7.1] AndroidManifest.xml:140:17-88
225-->[androidx.work:work-runtime:2.7.1] AndroidManifest.xml:140:25-85
226            </intent-filter>
227        </receiver>
228
229        <service
229-->[androidx.room:room-runtime:2.2.5] AndroidManifest.xml:25:9-28:40
230            android:name="androidx.room.MultiInstanceInvalidationService"
230-->[androidx.room:room-runtime:2.2.5] AndroidManifest.xml:26:13-74
231            android:directBootAware="true"
231-->[androidx.room:room-runtime:2.2.5] AndroidManifest.xml:27:13-43
232            android:exported="false" /> <!-- Needs to be explicitly declared on P+ -->
232-->[androidx.room:room-runtime:2.2.5] AndroidManifest.xml:28:13-37
233        <uses-library
233-->[com.google.android.gms:play-services-maps:18.0.2] AndroidManifest.xml:39:9-41:40
234            android:name="org.apache.http.legacy"
234-->[com.google.android.gms:play-services-maps:18.0.2] AndroidManifest.xml:40:13-50
235            android:required="false" />
235-->[com.google.android.gms:play-services-maps:18.0.2] AndroidManifest.xml:41:13-37
236
237        <activity
237-->[com.google.android.gms:play-services-base:18.1.0] AndroidManifest.xml:20:9-22:45
238            android:name="com.google.android.gms.common.api.GoogleApiActivity"
238-->[com.google.android.gms:play-services-base:18.1.0] AndroidManifest.xml:20:19-85
239            android:exported="false"
239-->[com.google.android.gms:play-services-base:18.1.0] AndroidManifest.xml:22:19-43
240            android:theme="@android:style/Theme.Translucent.NoTitleBar" />
240-->[com.google.android.gms:play-services-base:18.1.0] AndroidManifest.xml:21:19-78
241
242        <meta-data
242-->[com.google.android.gms:play-services-basement:18.1.0] AndroidManifest.xml:21:9-23:69
243            android:name="com.google.android.gms.version"
243-->[com.google.android.gms:play-services-basement:18.1.0] AndroidManifest.xml:22:13-58
244            android:value="@integer/google_play_services_version" />
244-->[com.google.android.gms:play-services-basement:18.1.0] AndroidManifest.xml:23:13-66
245    </application>
246
247</manifest>